1568973961310	mozrunner::runner	INFO	Running command: "/usr/bin/firefox" "-marionette" "-foreground" "-no-remote" "-profile" "/tmp/rust_mozprofile.qzK30ua1RfvW"
1568973962132	addons.webextension.screenshots@mozilla.org	WARN	Loading extension 'screenshots@mozilla.org': Reading manifest: Invalid extension permission: mozillaAddons
1568973962132	addons.webextension.screenshots@mozilla.org	WARN	Loading extension 'screenshots@mozilla.org': Reading manifest: Invalid extension permission: telemetry
1568973962132	addons.webextension.screenshots@mozilla.org	WARN	Loading extension 'screenshots@mozilla.org': Reading manifest: Invalid extension permission: resource://pdf.js/
1568973962132	addons.webextension.screenshots@mozilla.org	WARN	Loading extension 'screenshots@mozilla.org': Reading manifest: Invalid extension permission: about:reader*
1568973964832	Marionette	INFO	Listening on port 35113
1568973964927	Marionette	WARN	TLS certificate errors will be ignored for this session
JavaScript warning: https://pharmacy-test-preprod.newmedicine.com.ua/scripts/EUSign/euscp.js, line 0: Successfully compiled asm.js code (total compilation time 1038ms)
1568973973811	Marionette	INFO	Stopped listening on port 35113
1568974048325	mozrunner::runner	INFO	Running command: "/usr/bin/firefox" "-marionette" "-foreground" "-no-remote" "-profile" "/tmp/rust_mozprofile.TIf5SqaqxQdy"
1568974048969	addons.webextension.screenshots@mozilla.org	WARN	Loading extension 'screenshots@mozilla.org': Reading manifest: Invalid extension permission: mozillaAddons
1568974048969	addons.webextension.screenshots@mozilla.org	WARN	Loading extension 'screenshots@mozilla.org': Reading manifest: Invalid extension permission: telemetry
1568974048969	addons.webextension.screenshots@mozilla.org	WARN	Loading extension 'screenshots@mozilla.org': Reading manifest: Invalid extension permission: resource://pdf.js/
1568974048969	addons.webextension.screenshots@mozilla.org	WARN	Loading extension 'screenshots@mozilla.org': Reading manifest: Invalid extension permission: about:reader*
1568974051950	Marionette	INFO	Listening on port 40011
1568974052037	Marionette	WARN	TLS certificate errors will be ignored for this session
JavaScript warning: https://pharmacy-test-preprod.newmedicine.com.ua/scripts/EUSign/euscp.js, line 0: Successfully compiled asm.js code (total compilation time 1149ms)
1568974063747	Marionette	INFO	Stopped listening on port 40011
1568974398717	mozrunner::runner	INFO	Running command: "/usr/bin/firefox" "-marionette" "-foreground" "-no-remote" "-profile" "/tmp/rust_mozprofile.Rq9pmHL6EstE"
1568974399261	addons.webextension.screenshots@mozilla.org	WARN	Loading extension 'screenshots@mozilla.org': Reading manifest: Invalid extension permission: mozillaAddons
1568974399261	addons.webextension.screenshots@mozilla.org	WARN	Loading extension 'screenshots@mozilla.org': Reading manifest: Invalid extension permission: telemetry
1568974399262	addons.webextension.screenshots@mozilla.org	WARN	Loading extension 'screenshots@mozilla.org': Reading manifest: Invalid extension permission: resource://pdf.js/
1568974399262	addons.webextension.screenshots@mozilla.org	WARN	Loading extension 'screenshots@mozilla.org': Reading manifest: Invalid extension permission: about:reader*
1568974401878	Marionette	INFO	Listening on port 33437
1568974401934	Marionette	WARN	TLS certificate errors will be ignored for this session
JavaScript warning: https://pharmacy-test-preprod.newmedicine.com.ua/scripts/EUSign/euscp.js, line 0: Successfully compiled asm.js code (total compilation time 1016ms)
1568974408334	Marionette	INFO	Stopped listening on port 33437
1568974410457	mozrunner::runner	INFO	Running command: "/usr/bin/firefox" "-marionette" "-foreground" "-no-remote" "-profile" "/tmp/rust_mozprofile.Qu96pIquTA6p"
1568974411027	addons.webextension.screenshots@mozilla.org	WARN	Loading extension 'screenshots@mozilla.org': Reading manifest: Invalid extension permission: mozillaAddons
1568974411027	addons.webextension.screenshots@mozilla.org	WARN	Loading extension 'screenshots@mozilla.org': Reading manifest: Invalid extension permission: telemetry
1568974411027	addons.webextension.screenshots@mozilla.org	WARN	Loading extension 'screenshots@mozilla.org': Reading manifest: Invalid extension permission: resource://pdf.js/
1568974411028	addons.webextension.screenshots@mozilla.org	WARN	Loading extension 'screenshots@mozilla.org': Reading manifest: Invalid extension permission: about:reader*
1568974413401	Marionette	INFO	Listening on port 32783
1568974413469	Marionette	WARN	TLS certificate errors will be ignored for this session
JavaScript warning: https://pharmacy-test-preprod.newmedicine.com.ua/scripts/EUSign/euscp.js, line 0: Successfully compiled asm.js code (total compilation time 1015ms)
1568974419991	Marionette	INFO	Stopped listening on port 32783
1568974423823	mozrunner::runner	INFO	Running command: "/usr/bin/firefox" "-marionette" "-foreground" "-no-remote" "-profile" "/tmp/rust_mozprofile.Fs8O333Q3VbU"
1568974424464	addons.webextension.screenshots@mozilla.org	WARN	Loading extension 'screenshots@mozilla.org': Reading manifest: Invalid extension permission: mozillaAddons
1568974424464	addons.webextension.screenshots@mozilla.org	WARN	Loading extension 'screenshots@mozilla.org': Reading manifest: Invalid extension permission: telemetry
1568974424464	addons.webextension.screenshots@mozilla.org	WARN	Loading extension 'screenshots@mozilla.org': Reading manifest: Invalid extension permission: resource://pdf.js/
1568974424464	addons.webextension.screenshots@mozilla.org	WARN	Loading extension 'screenshots@mozilla.org': Reading manifest: Invalid extension permission: about:reader*
1568974426878	Marionette	INFO	Listening on port 44175
1568974426935	Marionette	WARN	TLS certificate errors will be ignored for this session
JavaScript warning: https://pharmacy-test-preprod.newmedicine.com.ua/scripts/EUSign/euscp.js, line 0: Successfully compiled asm.js code (total compilation time 1143ms)
1568974438295	Marionette	INFO	Stopped listening on port 44175
JavaScript error: https://pharmacy-test-preprod.newmedicine.com.ua/app-f7347dfec1.js, line 3882: NS_ERROR_NOT_INITIALIZED: 
[Parent 21641, Gecko_IOThread] WARNING: pipe error (71): Connection reset by peer: file /build/firefox-9JL5Vx/firefox-69.0+build2/ipc/chromium/src/chrome/common/ipc_channel_posix.cc, line 358
1568978844437	mozrunner::runner	INFO	Running command: "/usr/bin/firefox" "-marionette" "-foreground" "-no-remote" "-profile" "/tmp/rust_mozprofile.0scHvFN3yDF8"
1568978845403	addons.webextension.screenshots@mozilla.org	WARN	Loading extension 'screenshots@mozilla.org': Reading manifest: Invalid extension permission: mozillaAddons
1568978845404	addons.webextension.screenshots@mozilla.org	WARN	Loading extension 'screenshots@mozilla.org': Reading manifest: Invalid extension permission: telemetry
1568978845404	addons.webextension.screenshots@mozilla.org	WARN	Loading extension 'screenshots@mozilla.org': Reading manifest: Invalid extension permission: resource://pdf.js/
1568978845404	addons.webextension.screenshots@mozilla.org	WARN	Loading extension 'screenshots@mozilla.org': Reading manifest: Invalid extension permission: about:reader*
1568978848204	Marionette	INFO	Listening on port 39189
1568978848254	Marionette	WARN	TLS certificate errors will be ignored for this session
JavaScript warning: https://pharmacy-test-preprod.newmedicine.com.ua/scripts/EUSign/euscp.js, line 0: Successfully compiled asm.js code (total compilation time 1007ms)
1568978855600	Marionette	INFO	Stopped listening on port 39189
1568979807842	mozrunner::runner	INFO	Running command: "/usr/bin/firefox" "-marionette" "-foreground" "-no-remote" "-profile" "/tmp/rust_mozprofile.aTWS9TiWkOqq"
1568979808541	addons.webextension.screenshots@mozilla.org	WARN	Loading extension 'screenshots@mozilla.org': Reading manifest: Invalid extension permission: mozillaAddons
1568979808541	addons.webextension.screenshots@mozilla.org	WARN	Loading extension 'screenshots@mozilla.org': Reading manifest: Invalid extension permission: telemetry
1568979808542	addons.webextension.screenshots@mozilla.org	WARN	Loading extension 'screenshots@mozilla.org': Reading manifest: Invalid extension permission: resource://pdf.js/
1568979808542	addons.webextension.screenshots@mozilla.org	WARN	Loading extension 'screenshots@mozilla.org': Reading manifest: Invalid extension permission: about:reader*
1568979811620	Marionette	INFO	Listening on port 46261
1568979811685	Marionette	WARN	TLS certificate errors will be ignored for this session
JavaScript warning: https://pharmacy-test-preprod.newmedicine.com.ua/scripts/EUSign/euscp.js, line 0: Successfully compiled asm.js code (total compilation time 1016ms)
1568979817373	Marionette	INFO	Stopped listening on port 46261
1568979913159	mozrunner::runner	INFO	Running command: "/usr/bin/firefox" "-marionette" "-foreground" "-no-remote" "-profile" "/tmp/rust_mozprofile.lt7cqG4hw1lG"
1568979913802	addons.webextension.screenshots@mozilla.org	WARN	Loading extension 'screenshots@mozilla.org': Reading manifest: Invalid extension permission: mozillaAddons
1568979913802	addons.webextension.screenshots@mozilla.org	WARN	Loading extension 'screenshots@mozilla.org': Reading manifest: Invalid extension permission: telemetry
1568979913802	addons.webextension.screenshots@mozilla.org	WARN	Loading extension 'screenshots@mozilla.org': Reading manifest: Invalid extension permission: resource://pdf.js/
1568979913802	addons.webextension.screenshots@mozilla.org	WARN	Loading extension 'screenshots@mozilla.org': Reading manifest: Invalid extension permission: about:reader*
1568979916074	Marionette	INFO	Listening on port 34685
1568979916171	Marionette	WARN	TLS certificate errors will be ignored for this session
JavaScript warning: https://pharmacy-test-preprod.newmedicine.com.ua/scripts/EUSign/euscp.js, line 0: Successfully compiled asm.js code (total compilation time 1031ms)
1568979920128	Marionette	INFO	Stopped listening on port 34685

###!!! [Child][RunMessage] Error: Channel closing: too late to send/recv, messages will be lost


###!!! [Child][RunMessage] Error: Channel closing: too late to send/recv, messages will be lost


###!!! [Child][RunMessage] Error: Channel closing: too late to send/recv, messages will be lost

1568979975642	mozrunner::runner	INFO	Running command: "/usr/bin/firefox" "-marionette" "-foreground" "-no-remote" "-profile" "/tmp/rust_mozprofile.NxEMroFa6SHN"
1568979976202	addons.webextension.screenshots@mozilla.org	WARN	Loading extension 'screenshots@mozilla.org': Reading manifest: Invalid extension permission: mozillaAddons
1568979976203	addons.webextension.screenshots@mozilla.org	WARN	Loading extension 'screenshots@mozilla.org': Reading manifest: Invalid extension permission: telemetry
1568979976203	addons.webextension.screenshots@mozilla.org	WARN	Loading extension 'screenshots@mozilla.org': Reading manifest: Invalid extension permission: resource://pdf.js/
1568979976203	addons.webextension.screenshots@mozilla.org	WARN	Loading extension 'screenshots@mozilla.org': Reading manifest: Invalid extension permission: about:reader*
1568979978608	Marionette	INFO	Listening on port 40379
1568979978653	Marionette	WARN	TLS certificate errors will be ignored for this session
JavaScript warning: https://pharmacy-test-preprod.newmedicine.com.ua/scripts/EUSign/euscp.js, line 0: Successfully compiled asm.js code (total compilation time 1008ms)
1568980077798	Marionette	INFO	Stopped listening on port 40379
[Parent 25900, Gecko_IOThread] WARNING: pipe error (81): Connection reset by peer: file /build/firefox-9JL5Vx/firefox-69.0+build2/ipc/chromium/src/chrome/common/ipc_channel_posix.cc, line 358
console.error: (new Error("Transaction canceled due to a closed connection.", "resource://gre/modules/Sqlite.jsm", 613))
1568980187962	mozrunner::runner	INFO	Running command: "/usr/bin/firefox" "-marionette" "-foreground" "-no-remote" "-profile" "/tmp/rust_mozprofile.5CkTLgddnBtz"
1568980188619	addons.webextension.screenshots@mozilla.org	WARN	Loading extension 'screenshots@mozilla.org': Reading manifest: Invalid extension permission: mozillaAddons
1568980188619	addons.webextension.screenshots@mozilla.org	WARN	Loading extension 'screenshots@mozilla.org': Reading manifest: Invalid extension permission: telemetry
1568980188619	addons.webextension.screenshots@mozilla.org	WARN	Loading extension 'screenshots@mozilla.org': Reading manifest: Invalid extension permission: resource://pdf.js/
1568980188619	addons.webextension.screenshots@mozilla.org	WARN	Loading extension 'screenshots@mozilla.org': Reading manifest: Invalid extension permission: about:reader*
1568980191007	Marionette	INFO	Listening on port 33063
1568980191074	Marionette	WARN	TLS certificate errors will be ignored for this session
JavaScript warning: https://pharmacy-test-preprod.newmedicine.com.ua/scripts/EUSign/euscp.js, line 0: Successfully compiled asm.js code (total compilation time 1054ms)
Exiting due to channel error.
Exiting due to channel error.
Exiting due to channel error.
1568980262099	mozrunner::runner	INFO	Running command: "/usr/bin/firefox" "-marionette" "-foreground" "-no-remote" "-profile" "/tmp/rust_mozprofile.C3IdEqXvFy1j"
1568980263146	addons.webextension.screenshots@mozilla.org	WARN	Loading extension 'screenshots@mozilla.org': Reading manifest: Invalid extension permission: mozillaAddons
1568980263147	addons.webextension.screenshots@mozilla.org	WARN	Loading extension 'screenshots@mozilla.org': Reading manifest: Invalid extension permission: telemetry
1568980263147	addons.webextension.screenshots@mozilla.org	WARN	Loading extension 'screenshots@mozilla.org': Reading manifest: Invalid extension permission: resource://pdf.js/
1568980263147	addons.webextension.screenshots@mozilla.org	WARN	Loading extension 'screenshots@mozilla.org': Reading manifest: Invalid extension permission: about:reader*
1568980265478	Marionette	INFO	Listening on port 34145
1568980265514	Marionette	WARN	TLS certificate errors will be ignored for this session
JavaScript warning: https://pharmacy-test-preprod.newmedicine.com.ua/scripts/EUSign/euscp.js, line 0: Successfully compiled asm.js code (total compilation time 1017ms)
1568980269476	Marionette	INFO	Stopped listening on port 34145
1568980533799	mozrunner::runner	INFO	Running command: "/usr/bin/firefox" "-marionette" "-foreground" "-no-remote" "-profile" "/tmp/rust_mozprofile.mDIEu0CAYO9Y"
1568980534620	addons.webextension.screenshots@mozilla.org	WARN	Loading extension 'screenshots@mozilla.org': Reading manifest: Invalid extension permission: mozillaAddons
1568980534621	addons.webextension.screenshots@mozilla.org	WARN	Loading extension 'screenshots@mozilla.org': Reading manifest: Invalid extension permission: telemetry
1568980534621	addons.webextension.screenshots@mozilla.org	WARN	Loading extension 'screenshots@mozilla.org': Reading manifest: Invalid extension permission: resource://pdf.js/
1568980534621	addons.webextension.screenshots@mozilla.org	WARN	Loading extension 'screenshots@mozilla.org': Reading manifest: Invalid extension permission: about:reader*
1568980536999	Marionette	INFO	Listening on port 41831
1568980537014	Marionette	WARN	TLS certificate errors will be ignored for this session
JavaScript warning: https://pharmacy-test-preprod.newmedicine.com.ua/scripts/EUSign/euscp.js, line 0: Successfully compiled asm.js code (total compilation time 1154ms)
1568980540953	Marionette	INFO	Stopped listening on port 41831
1568980601142	mozrunner::runner	INFO	Running command: "/usr/bin/firefox" "-marionette" "-foreground" "-no-remote" "-profile" "/tmp/rust_mozprofile.61wVdYxNub3e"
1568980601688	addons.webextension.screenshots@mozilla.org	WARN	Loading extension 'screenshots@mozilla.org': Reading manifest: Invalid extension permission: mozillaAddons
1568980601689	addons.webextension.screenshots@mozilla.org	WARN	Loading extension 'screenshots@mozilla.org': Reading manifest: Invalid extension permission: telemetry
1568980601689	addons.webextension.screenshots@mozilla.org	WARN	Loading extension 'screenshots@mozilla.org': Reading manifest: Invalid extension permission: resource://pdf.js/
1568980601689	addons.webextension.screenshots@mozilla.org	WARN	Loading extension 'screenshots@mozilla.org': Reading manifest: Invalid extension permission: about:reader*
1568980604229	Marionette	INFO	Listening on port 42233
1568980604276	Marionette	WARN	TLS certificate errors will be ignored for this session
JavaScript warning: https://pharmacy-test-preprod.newmedicine.com.ua/scripts/EUSign/euscp.js, line 0: Successfully compiled asm.js code (total compilation time 1063ms)
1568980608109	Marionette	INFO	Stopped listening on port 42233
[Parent 28791, Gecko_IOThread] WARNING: pipe error (142): Connection reset by peer: file /build/firefox-9JL5Vx/firefox-69.0+build2/ipc/chromium/src/chrome/common/ipc_channel_posix.cc, line 358
1568980667612	mozrunner::runner	INFO	Running command: "/usr/bin/firefox" "-marionette" "-foreground" "-no-remote" "-profile" "/tmp/rust_mozprofile.pFtLmhIcDmZt"
1568980668211	addons.webextension.screenshots@mozilla.org	WARN	Loading extension 'screenshots@mozilla.org': Reading manifest: Invalid extension permission: mozillaAddons
1568980668211	addons.webextension.screenshots@mozilla.org	WARN	Loading extension 'screenshots@mozilla.org': Reading manifest: Invalid extension permission: telemetry
1568980668211	addons.webextension.screenshots@mozilla.org	WARN	Loading extension 'screenshots@mozilla.org': Reading manifest: Invalid extension permission: resource://pdf.js/
1568980668212	addons.webextension.screenshots@mozilla.org	WARN	Loading extension 'screenshots@mozilla.org': Reading manifest: Invalid extension permission: about:reader*
1568980670711	Marionette	INFO	Listening on port 35175
1568980670729	Marionette	WARN	TLS certificate errors will be ignored for this session
JavaScript warning: https://pharmacy-test-preprod.newmedicine.com.ua/scripts/EUSign/euscp.js, line 0: Successfully compiled asm.js code (total compilation time 1065ms)
1568980674581	Marionette	INFO	Stopped listening on port 35175
1568980689811	mozrunner::runner	INFO	Running command: "/usr/bin/firefox" "-marionette" "-foreground" "-no-remote" "-profile" "/tmp/rust_mozprofile.dfwtLXFC4JS9"
1568980690402	addons.webextension.screenshots@mozilla.org	WARN	Loading extension 'screenshots@mozilla.org': Reading manifest: Invalid extension permission: mozillaAddons
1568980690403	addons.webextension.screenshots@mozilla.org	WARN	Loading extension 'screenshots@mozilla.org': Reading manifest: Invalid extension permission: telemetry
1568980690403	addons.webextension.screenshots@mozilla.org	WARN	Loading extension 'screenshots@mozilla.org': Reading manifest: Invalid extension permission: resource://pdf.js/
1568980690403	addons.webextension.screenshots@mozilla.org	WARN	Loading extension 'screenshots@mozilla.org': Reading manifest: Invalid extension permission: about:reader*
1568980692817	Marionette	INFO	Listening on port 39437
1568980692830	Marionette	WARN	TLS certificate errors will be ignored for this session
JavaScript warning: https://pharmacy-test-preprod.newmedicine.com.ua/scripts/EUSign/euscp.js, line 0: Successfully compiled asm.js code (total compilation time 1174ms)
1568980698900	Marionette	INFO	Stopped listening on port 39437
1568980728401	mozrunner::runner	INFO	Running command: "/usr/bin/firefox" "-marionette" "-foreground" "-no-remote" "-profile" "/tmp/rust_mozprofile.1hoIUXnmg16V"
1568980728970	addons.webextension.screenshots@mozilla.org	WARN	Loading extension 'screenshots@mozilla.org': Reading manifest: Invalid extension permission: mozillaAddons
1568980728971	addons.webextension.screenshots@mozilla.org	WARN	Loading extension 'screenshots@mozilla.org': Reading manifest: Invalid extension permission: telemetry
1568980728971	addons.webextension.screenshots@mozilla.org	WARN	Loading extension 'screenshots@mozilla.org': Reading manifest: Invalid extension permission: resource://pdf.js/
1568980728971	addons.webextension.screenshots@mozilla.org	WARN	Loading extension 'screenshots@mozilla.org': Reading manifest: Invalid extension permission: about:reader*
1568980731392	Marionette	INFO	Listening on port 38763
1568980731414	Marionette	WARN	TLS certificate errors will be ignored for this session
JavaScript warning: https://pharmacy-test-preprod.newmedicine.com.ua/scripts/EUSign/euscp.js, line 0: Successfully compiled asm.js code (total compilation time 1076ms)
1568980735841	Marionette	INFO	Stopped listening on port 38763
1568980850933	mozrunner::runner	INFO	Running command: "/usr/bin/firefox" "-marionette" "-foreground" "-no-remote" "-profile" "/tmp/rust_mozprofile.wZkpTK2lilzq"
1568980851503	addons.webextension.screenshots@mozilla.org	WARN	Loading extension 'screenshots@mozilla.org': Reading manifest: Invalid extension permission: mozillaAddons
1568980851503	addons.webextension.screenshots@mozilla.org	WARN	Loading extension 'screenshots@mozilla.org': Reading manifest: Invalid extension permission: telemetry
1568980851503	addons.webextension.screenshots@mozilla.org	WARN	Loading extension 'screenshots@mozilla.org': Reading manifest: Invalid extension permission: resource://pdf.js/
1568980851504	addons.webextension.screenshots@mozilla.org	WARN	Loading extension 'screenshots@mozilla.org': Reading manifest: Invalid extension permission: about:reader*
1568980853872	Marionette	INFO	Listening on port 34635
1568980853944	Marionette	WARN	TLS certificate errors will be ignored for this session
JavaScript warning: https://pharmacy-test-preprod.newmedicine.com.ua/scripts/EUSign/euscp.js, line 0: Successfully compiled asm.js code (total compilation time 1061ms)
1568980858260	Marionette	INFO	Stopped listening on port 34635
1568983824995	mozrunner::runner	INFO	Running command: "/usr/bin/firefox" "-marionette" "-foreground" "-no-remote" "-profile" "/tmp/rust_mozprofile.PA7wseSiD3E6"
1568983825707	addons.webextension.screenshots@mozilla.org	WARN	Loading extension 'screenshots@mozilla.org': Reading manifest: Invalid extension permission: mozillaAddons
1568983825707	addons.webextension.screenshots@mozilla.org	WARN	Loading extension 'screenshots@mozilla.org': Reading manifest: Invalid extension permission: telemetry
1568983825708	addons.webextension.screenshots@mozilla.org	WARN	Loading extension 'screenshots@mozilla.org': Reading manifest: Invalid extension permission: resource://pdf.js/
1568983825708	addons.webextension.screenshots@mozilla.org	WARN	Loading extension 'screenshots@mozilla.org': Reading manifest: Invalid extension permission: about:reader*
1568983828462	Marionette	INFO	Listening on port 44595
1568983828513	Marionette	WARN	TLS certificate errors will be ignored for this session
JavaScript warning: https://pharmacy-test-preprod.newmedicine.com.ua/scripts/EUSign/euscp.js, line 0: Successfully compiled asm.js code (total compilation time 1451ms)

(/usr/lib/firefox/firefox:1222): dconf-WARNING **: 15:50:35.711: Unable to open /var/lib/snapd/desktop/dconf/profile/user: Permission denied
1568983837055	Marionette	INFO	Stopped listening on port 44595
IPDL protocol error: Handler returned error code!

###!!! [Parent][DispatchAsyncMessage] Error: PLayerTransaction::Msg_ReleaseLayer Processing error: message was deserialized, but the handler returned false (indicating failure)

1568985299197	mozrunner::runner	INFO	Running command: "/usr/bin/firefox" "-marionette" "-foreground" "-no-remote" "-profile" "/tmp/rust_mozprofile.GGsmQWw9qBCX"
1568985299786	addons.webextension.screenshots@mozilla.org	WARN	Loading extension 'screenshots@mozilla.org': Reading manifest: Invalid extension permission: mozillaAddons
1568985299786	addons.webextension.screenshots@mozilla.org	WARN	Loading extension 'screenshots@mozilla.org': Reading manifest: Invalid extension permission: telemetry
1568985299786	addons.webextension.screenshots@mozilla.org	WARN	Loading extension 'screenshots@mozilla.org': Reading manifest: Invalid extension permission: resource://pdf.js/
1568985299786	addons.webextension.screenshots@mozilla.org	WARN	Loading extension 'screenshots@mozilla.org': Reading manifest: Invalid extension permission: about:reader*
1568985302529	Marionette	INFO	Listening on port 41215
1568985302619	Marionette	WARN	TLS certificate errors will be ignored for this session
JavaScript warning: https://pharmacy-test-preprod.newmedicine.com.ua/scripts/EUSign/euscp.js, line 0: Successfully compiled asm.js code (total compilation time 1081ms)
1568985307456	Marionette	INFO	Stopped listening on port 41215
[Child 2514, Chrome_ChildThread] WARNING: pipe error (3): Connection reset by peer: file /build/firefox-9JL5Vx/firefox-69.0+build2/ipc/chromium/src/chrome/common/ipc_channel_posix.cc, line 358

###!!! [Child][RunMessage] Error: Channel closing: too late to send/recv, messages will be lost

1568985382221	mozrunner::runner	INFO	Running command: "/usr/bin/firefox" "-marionette" "-foreground" "-no-remote" "-profile" "/tmp/rust_mozprofile.dFLCyHKZgFpN"
1568985382889	addons.webextension.screenshots@mozilla.org	WARN	Loading extension 'screenshots@mozilla.org': Reading manifest: Invalid extension permission: mozillaAddons
1568985382890	addons.webextension.screenshots@mozilla.org	WARN	Loading extension 'screenshots@mozilla.org': Reading manifest: Invalid extension permission: telemetry
1568985382890	addons.webextension.screenshots@mozilla.org	WARN	Loading extension 'screenshots@mozilla.org': Reading manifest: Invalid extension permission: resource://pdf.js/
1568985382890	addons.webextension.screenshots@mozilla.org	WARN	Loading extension 'screenshots@mozilla.org': Reading manifest: Invalid extension permission: about:reader*
1568985385348	Marionette	INFO	Listening on port 41481
1568985385433	Marionette	WARN	TLS certificate errors will be ignored for this session
JavaScript warning: https://pharmacy-test-preprod.newmedicine.com.ua/scripts/EUSign/euscp.js, line 0: Successfully compiled asm.js code (total compilation time 1069ms)
1568985389604	Marionette	INFO	Stopped listening on port 41481
[Parent 3096, Gecko_IOThread] WARNING: pipe error (150): Connection reset by peer: file /build/firefox-9JL5Vx/firefox-69.0+build2/ipc/chromium/src/chrome/common/ipc_channel_posix.cc, line 358
1568985413576	mozrunner::runner	INFO	Running command: "/usr/bin/firefox" "-marionette" "-foreground" "-no-remote" "-profile" "/tmp/rust_mozprofile.DswkX6wZjLVm"
1568985414143	addons.webextension.screenshots@mozilla.org	WARN	Loading extension 'screenshots@mozilla.org': Reading manifest: Invalid extension permission: mozillaAddons
1568985414144	addons.webextension.screenshots@mozilla.org	WARN	Loading extension 'screenshots@mozilla.org': Reading manifest: Invalid extension permission: telemetry
1568985414144	addons.webextension.screenshots@mozilla.org	WARN	Loading extension 'screenshots@mozilla.org': Reading manifest: Invalid extension permission: resource://pdf.js/
1568985414144	addons.webextension.screenshots@mozilla.org	WARN	Loading extension 'screenshots@mozilla.org': Reading manifest: Invalid extension permission: about:reader*
1568985416563	Marionette	INFO	Listening on port 42617
1568985416589	Marionette	WARN	TLS certificate errors will be ignored for this session
JavaScript warning: https://pharmacy-test-preprod.newmedicine.com.ua/scripts/EUSign/euscp.js, line 0: Successfully compiled asm.js code (total compilation time 1069ms)
Exiting due to channel error.
Exiting due to channel error.
Exiting due to channel error.
1568985499021	mozrunner::runner	INFO	Running command: "/usr/bin/firefox" "-marionette" "-foreground" "-no-remote" "-profile" "/tmp/rust_mozprofile.jTKUYNMv7qnA"
1568985499615	addons.webextension.screenshots@mozilla.org	WARN	Loading extension 'screenshots@mozilla.org': Reading manifest: Invalid extension permission: mozillaAddons
1568985499615	addons.webextension.screenshots@mozilla.org	WARN	Loading extension 'screenshots@mozilla.org': Reading manifest: Invalid extension permission: telemetry
1568985499615	addons.webextension.screenshots@mozilla.org	WARN	Loading extension 'screenshots@mozilla.org': Reading manifest: Invalid extension permission: resource://pdf.js/
1568985499616	addons.webextension.screenshots@mozilla.org	WARN	Loading extension 'screenshots@mozilla.org': Reading manifest: Invalid extension permission: about:reader*
1568985502335	Marionette	INFO	Listening on port 44097
1568985502439	Marionette	WARN	TLS certificate errors will be ignored for this session
JavaScript warning: https://pharmacy-test-preprod.newmedicine.com.ua/scripts/EUSign/euscp.js, line 0: Successfully compiled asm.js code (total compilation time 1064ms)
Exiting due to channel error.
[GFX1-]: Receive IPC close with reason=AbnormalShutdown
[Child 4429, Chrome_ChildThread] WARNING: pipe error (3): Connection reset by peer: file /build/firefox-9JL5Vx/firefox-69.0+build2/ipc/chromium/src/chrome/common/ipc_channel_posix.cc, line 358
Exiting due to channel error.
[GFX1-]: Receive IPC close with reason=AbnormalShutdown
[Child 4409, Chrome_ChildThread] WARNING: pipe error (3): Connection reset by peer: file /build/firefox-9JL5Vx/firefox-69.0+build2/ipc/chromium/src/chrome/common/ipc_channel_posix.cc, line 358
Exiting due to channel error.
1568985764161	mozrunner::runner	INFO	Running command: "/usr/bin/firefox" "-marionette" "-foreground" "-no-remote" "-profile" "/tmp/rust_mozprofile.Q9BJAm0BMnzM"
1568985764895	addons.webextension.screenshots@mozilla.org	WARN	Loading extension 'screenshots@mozilla.org': Reading manifest: Invalid extension permission: mozillaAddons
1568985764896	addons.webextension.screenshots@mozilla.org	WARN	Loading extension 'screenshots@mozilla.org': Reading manifest: Invalid extension permission: telemetry
1568985764896	addons.webextension.screenshots@mozilla.org	WARN	Loading extension 'screenshots@mozilla.org': Reading manifest: Invalid extension permission: resource://pdf.js/
1568985764896	addons.webextension.screenshots@mozilla.org	WARN	Loading extension 'screenshots@mozilla.org': Reading manifest: Invalid extension permission: about:reader*
1568985768853	Marionette	INFO	Listening on port 33509
1568985768907	Marionette	WARN	TLS certificate errors will be ignored for this session
JavaScript warning: https://pharmacy-test-preprod.newmedicine.com.ua/scripts/EUSign/euscp.js, line 0: Successfully compiled asm.js code (total compilation time 2229ms)
Exiting due to channel error.
Exiting due to channel error.
Exiting due to channel error.
1568985958619	mozrunner::runner	INFO	Running command: "/usr/bin/firefox" "-marionette" "-foreground" "-no-remote" "-profile" "/tmp/rust_mozprofile.JeJPI8hsxXJa"
1568985959329	addons.webextension.screenshots@mozilla.org	WARN	Loading extension 'screenshots@mozilla.org': Reading manifest: Invalid extension permission: mozillaAddons
1568985959330	addons.webextension.screenshots@mozilla.org	WARN	Loading extension 'screenshots@mozilla.org': Reading manifest: Invalid extension permission: telemetry
1568985959330	addons.webextension.screenshots@mozilla.org	WARN	Loading extension 'screenshots@mozilla.org': Reading manifest: Invalid extension permission: resource://pdf.js/
1568985959330	addons.webextension.screenshots@mozilla.org	WARN	Loading extension 'screenshots@mozilla.org': Reading manifest: Invalid extension permission: about:reader*
1568985961820	Marionette	INFO	Listening on port 46455
1568985961844	Marionette	WARN	TLS certificate errors will be ignored for this session
JavaScript warning: https://pharmacy-test-preprod.newmedicine.com.ua/scripts/EUSign/euscp.js, line 0: Successfully compiled asm.js code (total compilation time 1136ms)
1568985966402	Marionette	INFO	Stopped listening on port 46455
1568985982554	mozrunner::runner	INFO	Running command: "/usr/bin/firefox" "-marionette" "-foreground" "-no-remote" "-profile" "/tmp/rust_mozprofile.oXAjWrD4PucM"
1568985983129	addons.webextension.screenshots@mozilla.org	WARN	Loading extension 'screenshots@mozilla.org': Reading manifest: Invalid extension permission: mozillaAddons
1568985983129	addons.webextension.screenshots@mozilla.org	WARN	Loading extension 'screenshots@mozilla.org': Reading manifest: Invalid extension permission: telemetry
1568985983129	addons.webextension.screenshots@mozilla.org	WARN	Loading extension 'screenshots@mozilla.org': Reading manifest: Invalid extension permission: resource://pdf.js/
1568985983129	addons.webextension.screenshots@mozilla.org	WARN	Loading extension 'screenshots@mozilla.org': Reading manifest: Invalid extension permission: about:reader*
1568985985705	Marionette	INFO	Listening on port 45813
1568985985776	Marionette	WARN	TLS certificate errors will be ignored for this session
JavaScript warning: https://pharmacy-test-preprod.newmedicine.com.ua/scripts/EUSign/euscp.js, line 0: Successfully compiled asm.js code (total compilation time 1083ms)
1568985990766	Marionette	INFO	Stopped listening on port 45813
1568986033692	mozrunner::runner	INFO	Running command: "/usr/bin/firefox" "-marionette" "-foreground" "-no-remote" "-profile" "/tmp/rust_mozprofile.nc9mtfqLj0Ip"
1568986034357	addons.webextension.screenshots@mozilla.org	WARN	Loading extension 'screenshots@mozilla.org': Reading manifest: Invalid extension permission: mozillaAddons
1568986034358	addons.webextension.screenshots@mozilla.org	WARN	Loading extension 'screenshots@mozilla.org': Reading manifest: Invalid extension permission: telemetry
1568986034358	addons.webextension.screenshots@mozilla.org	WARN	Loading extension 'screenshots@mozilla.org': Reading manifest: Invalid extension permission: resource://pdf.js/
1568986034358	addons.webextension.screenshots@mozilla.org	WARN	Loading extension 'screenshots@mozilla.org': Reading manifest: Invalid extension permission: about:reader*
1568986036988	Marionette	INFO	Listening on port 36991
1568986037015	Marionette	WARN	TLS certificate errors will be ignored for this session
JavaScript warning: https://pharmacy-test-preprod.newmedicine.com.ua/scripts/EUSign/euscp.js, line 0: Successfully compiled asm.js code (total compilation time 1061ms)
1568986041791	Marionette	INFO	Stopped listening on port 36991
1568986698066	mozrunner::runner	INFO	Running command: "/usr/bin/firefox" "-marionette" "-foreground" "-no-remote" "-profile" "/tmp/rust_mozprofile.5z8aeSMDftdn"
1568986698793	addons.webextension.screenshots@mozilla.org	WARN	Loading extension 'screenshots@mozilla.org': Reading manifest: Invalid extension permission: mozillaAddons
1568986698793	addons.webextension.screenshots@mozilla.org	WARN	Loading extension 'screenshots@mozilla.org': Reading manifest: Invalid extension permission: telemetry
1568986698793	addons.webextension.screenshots@mozilla.org	WARN	Loading extension 'screenshots@mozilla.org': Reading manifest: Invalid extension permission: resource://pdf.js/
1568986698794	addons.webextension.screenshots@mozilla.org	WARN	Loading extension 'screenshots@mozilla.org': Reading manifest: Invalid extension permission: about:reader*
1568986701196	Marionette	INFO	Listening on port 35417
1568986701279	Marionette	WARN	TLS certificate errors will be ignored for this session
JavaScript warning: https://pharmacy-test-preprod.newmedicine.com.ua/scripts/EUSign/euscp.js, line 0: Successfully compiled asm.js code (total compilation time 1061ms)

(/usr/lib/firefox/firefox:8465): dconf-WARNING **: 16:38:25.788: Unable to open /var/lib/snapd/desktop/dconf/profile/user: Permission denied
1568986707222	Marionette	INFO	Stopped listening on port 35417
JavaScript error: https://pharmacy-test-preprod.newmedicine.com.ua/app-9e32cfe29c.js, line 3882: NS_ERROR_NOT_INITIALIZED: 
1568986893923	mozrunner::runner	INFO	Running command: "/usr/bin/firefox" "-marionette" "-foreground" "-no-remote" "-profile" "/tmp/rust_mozprofile.r4Mqch8o14fl"
1568986894518	addons.webextension.screenshots@mozilla.org	WARN	Loading extension 'screenshots@mozilla.org': Reading manifest: Invalid extension permission: mozillaAddons
1568986894518	addons.webextension.screenshots@mozilla.org	WARN	Loading extension 'screenshots@mozilla.org': Reading manifest: Invalid extension permission: telemetry
1568986894518	addons.webextension.screenshots@mozilla.org	WARN	Loading extension 'screenshots@mozilla.org': Reading manifest: Invalid extension permission: resource://pdf.js/
1568986894518	addons.webextension.screenshots@mozilla.org	WARN	Loading extension 'screenshots@mozilla.org': Reading manifest: Invalid extension permission: about:reader*
1568986896832	Marionette	INFO	Listening on port 37055
1568986896941	Marionette	WARN	TLS certificate errors will be ignored for this session
JavaScript warning: https://pharmacy-test-preprod.newmedicine.com.ua/scripts/EUSign/euscp.js, line 0: Successfully compiled asm.js code (total compilation time 1105ms)
1568986902549	Marionette	INFO	Stopped listening on port 37055
IPDL protocol error: Handler returned error code!

###!!! [Parent][DispatchAsyncMessage] Error: PLayerTransaction::Msg_ReleaseLayer Processing error: message was deserialized, but the handler returned false (indicating failure)

[Parent 9061, Gecko_IOThread] WARNING: pipe error (82): Connection reset by peer: file /build/firefox-9JL5Vx/firefox-69.0+build2/ipc/chromium/src/chrome/common/ipc_channel_posix.cc, line 358
1568987010802	mozrunner::runner	INFO	Running command: "/usr/bin/firefox" "-marionette" "-foreground" "-no-remote" "-profile" "/tmp/rust_mozprofile.3txPUGzNCICK"
1568987011414	addons.webextension.screenshots@mozilla.org	WARN	Loading extension 'screenshots@mozilla.org': Reading manifest: Invalid extension permission: mozillaAddons
1568987011414	addons.webextension.screenshots@mozilla.org	WARN	Loading extension 'screenshots@mozilla.org': Reading manifest: Invalid extension permission: telemetry
1568987011414	addons.webextension.screenshots@mozilla.org	WARN	Loading extension 'screenshots@mozilla.org': Reading manifest: Invalid extension permission: resource://pdf.js/
1568987011415	addons.webextension.screenshots@mozilla.org	WARN	Loading extension 'screenshots@mozilla.org': Reading manifest: Invalid extension permission: about:reader*
1568987013829	Marionette	INFO	Listening on port 34839
1568987013922	Marionette	WARN	TLS certificate errors will be ignored for this session
JavaScript warning: https://pharmacy-test-preprod.newmedicine.com.ua/scripts/EUSign/euscp.js, line 0: Successfully compiled asm.js code (total compilation time 993ms)
1568987018532	Marionette	INFO	Stopped listening on port 34839
IPDL protocol error: Handler returned error code!

###!!! [Parent][DispatchAsyncMessage] Error: PLayerTransaction::Msg_ReleaseLayer Processing error: message was deserialized, but the handler returned false (indicating failure)

[Parent 9731, Gecko_IOThread] WARNING: pipe error (141): Connection reset by peer: file /build/firefox-9JL5Vx/firefox-69.0+build2/ipc/chromium/src/chrome/common/ipc_channel_posix.cc, line 358
1568987021625	mozrunner::runner	INFO	Running command: "/usr/bin/firefox" "-marionette" "-foreground" "-no-remote" "-profile" "/tmp/rust_mozprofile.Pu8doDfxHub4"
1568987022291	addons.webextension.screenshots@mozilla.org	WARN	Loading extension 'screenshots@mozilla.org': Reading manifest: Invalid extension permission: mozillaAddons
1568987022291	addons.webextension.screenshots@mozilla.org	WARN	Loading extension 'screenshots@mozilla.org': Reading manifest: Invalid extension permission: telemetry
1568987022291	addons.webextension.screenshots@mozilla.org	WARN	Loading extension 'screenshots@mozilla.org': Reading manifest: Invalid extension permission: resource://pdf.js/
1568987022291	addons.webextension.screenshots@mozilla.org	WARN	Loading extension 'screenshots@mozilla.org': Reading manifest: Invalid extension permission: about:reader*
1568987024720	Marionette	INFO	Listening on port 33257
1568987024740	Marionette	WARN	TLS certificate errors will be ignored for this session
JavaScript warning: https://pharmacy-test-preprod.newmedicine.com.ua/scripts/EUSign/euscp.js, line 0: Successfully compiled asm.js code (total compilation time 1066ms)
1568987028841	Marionette	INFO	Stopped listening on port 33257

###!!! [Child][RunMessage] Error: Channel closing: too late to send/recv, messages will be lost


###!!! [Child][RunMessage] Error: Channel closing: too late to send/recv, messages will be lost

1568987032672	mozrunner::runner	INFO	Running command: "/usr/bin/firefox" "-marionette" "-foreground" "-no-remote" "-profile" "/tmp/rust_mozprofile.PdQKjLWW0Z7X"
1568987033275	addons.webextension.screenshots@mozilla.org	WARN	Loading extension 'screenshots@mozilla.org': Reading manifest: Invalid extension permission: mozillaAddons
1568987033275	addons.webextension.screenshots@mozilla.org	WARN	Loading extension 'screenshots@mozilla.org': Reading manifest: Invalid extension permission: telemetry
1568987033275	addons.webextension.screenshots@mozilla.org	WARN	Loading extension 'screenshots@mozilla.org': Reading manifest: Invalid extension permission: resource://pdf.js/
1568987033275	addons.webextension.screenshots@mozilla.org	WARN	Loading extension 'screenshots@mozilla.org': Reading manifest: Invalid extension permission: about:reader*
1568987035661	Marionette	INFO	Listening on port 39075
1568987035683	Marionette	WARN	TLS certificate errors will be ignored for this session
JavaScript warning: https://pharmacy-test-preprod.newmedicine.com.ua/scripts/EUSign/euscp.js, line 0: Successfully compiled asm.js code (total compilation time 1041ms)

(/usr/lib/firefox/firefox:11017): dconf-WARNING **: 16:44:00.218: Unable to open /var/lib/snapd/desktop/dconf/profile/user: Permission denied
1568987041566	Marionette	INFO	Stopped listening on port 39075

###!!! [Child][RunMessage] Error: Channel closing: too late to send/recv, messages will be lost


###!!! [Child][RunMessage] Error: Channel closing: too late to send/recv, messages will be lost


###!!! [Child][RunMessage] Error: Channel closing: too late to send/recv, messages will be lost

1568987370309	mozrunner::runner	INFO	Running command: "/usr/bin/firefox" "-marionette" "-foreground" "-no-remote" "-profile" "/tmp/rust_mozprofile.ozUbysysW2FV"
1568987371164	addons.webextension.screenshots@mozilla.org	WARN	Loading extension 'screenshots@mozilla.org': Reading manifest: Invalid extension permission: mozillaAddons
1568987371165	addons.webextension.screenshots@mozilla.org	WARN	Loading extension 'screenshots@mozilla.org': Reading manifest: Invalid extension permission: telemetry
1568987371165	addons.webextension.screenshots@mozilla.org	WARN	Loading extension 'screenshots@mozilla.org': Reading manifest: Invalid extension permission: resource://pdf.js/
1568987371165	addons.webextension.screenshots@mozilla.org	WARN	Loading extension 'screenshots@mozilla.org': Reading manifest: Invalid extension permission: about:reader*
1568987374994	Marionette	INFO	Listening on port 43403
1568987375030	Marionette	WARN	TLS certificate errors will be ignored for this session
JavaScript warning: https://pharmacy-test-preprod.newmedicine.com.ua/scripts/EUSign/euscp.js, line 0: Successfully compiled asm.js code (total compilation time 1120ms)
1568987379072	Marionette	INFO	Stopped listening on port 43403
1568987386858	mozrunner::runner	INFO	Running command: "/usr/bin/firefox" "-marionette" "-foreground" "-no-remote" "-profile" "/tmp/rust_mozprofile.vm1TOFynsbEU"
1568987387429	addons.webextension.screenshots@mozilla.org	WARN	Loading extension 'screenshots@mozilla.org': Reading manifest: Invalid extension permission: mozillaAddons
1568987387429	addons.webextension.screenshots@mozilla.org	WARN	Loading extension 'screenshots@mozilla.org': Reading manifest: Invalid extension permission: telemetry
1568987387429	addons.webextension.screenshots@mozilla.org	WARN	Loading extension 'screenshots@mozilla.org': Reading manifest: Invalid extension permission: resource://pdf.js/
1568987387429	addons.webextension.screenshots@mozilla.org	WARN	Loading extension 'screenshots@mozilla.org': Reading manifest: Invalid extension permission: about:reader*
1568987390056	Marionette	INFO	Listening on port 43155
1568987390082	Marionette	WARN	TLS certificate errors will be ignored for this session
JavaScript warning: https://pharmacy-test-preprod.newmedicine.com.ua/scripts/EUSign/euscp.js, line 0: Successfully compiled asm.js code (total compilation time 1301ms)
1568987394231	Marionette	INFO	Stopped listening on port 43155
1568987396066	mozrunner::runner	INFO	Running command: "/usr/bin/firefox" "-marionette" "-foreground" "-no-remote" "-profile" "/tmp/rust_mozprofile.I3s0Owh7aQYg"
1568987396647	addons.webextension.screenshots@mozilla.org	WARN	Loading extension 'screenshots@mozilla.org': Reading manifest: Invalid extension permission: mozillaAddons
1568987396647	addons.webextension.screenshots@mozilla.org	WARN	Loading extension 'screenshots@mozilla.org': Reading manifest: Invalid extension permission: telemetry
1568987396647	addons.webextension.screenshots@mozilla.org	WARN	Loading extension 'screenshots@mozilla.org': Reading manifest: Invalid extension permission: resource://pdf.js/
1568987396647	addons.webextension.screenshots@mozilla.org	WARN	Loading extension 'screenshots@mozilla.org': Reading manifest: Invalid extension permission: about:reader*
1568987399162	Marionette	INFO	Listening on port 36781
1568987399185	Marionette	WARN	TLS certificate errors will be ignored for this session
JavaScript warning: https://pharmacy-test-preprod.newmedicine.com.ua/scripts/EUSign/euscp.js, line 0: Successfully compiled asm.js code (total compilation time 1158ms)
1568987403499	Marionette	INFO	Stopped listening on port 36781
1568987405536	mozrunner::runner	INFO	Running command: "/usr/bin/firefox" "-marionette" "-foreground" "-no-remote" "-profile" "/tmp/rust_mozprofile.UQQTksJ7NPct"
1568987406159	addons.webextension.screenshots@mozilla.org	WARN	Loading extension 'screenshots@mozilla.org': Reading manifest: Invalid extension permission: mozillaAddons
1568987406159	addons.webextension.screenshots@mozilla.org	WARN	Loading extension 'screenshots@mozilla.org': Reading manifest: Invalid extension permission: telemetry
1568987406159	addons.webextension.screenshots@mozilla.org	WARN	Loading extension 'screenshots@mozilla.org': Reading manifest: Invalid extension permission: resource://pdf.js/
1568987406159	addons.webextension.screenshots@mozilla.org	WARN	Loading extension 'screenshots@mozilla.org': Reading manifest: Invalid extension permission: about:reader*
1568987408730	Marionette	INFO	Listening on port 42551
1568987408755	Marionette	WARN	TLS certificate errors will be ignored for this session
JavaScript warning: https://pharmacy-test-preprod.newmedicine.com.ua/scripts/EUSign/euscp.js, line 0: Successfully compiled asm.js code (total compilation time 1102ms)
1568987416800	Marionette	INFO	Stopped listening on port 42551
JavaScript error: https://pharmacy-test-preprod.newmedicine.com.ua/app-9e32cfe29c.js, line 3882: NS_ERROR_NOT_INITIALIZED: 

###!!! [Child][MessageChannel] Error: (msgtype=0x3600C0,name=PContent::Msg_ScriptError) Channel closing: too late to send/recv, messages will be lost


###!!! [Child][RunMessage] Error: Channel closing: too late to send/recv, messages will be lost


###!!! [Child][RunMessage] Error: Channel closing: too late to send/recv, messages will be lost

[Parent 14475, Gecko_IOThread] WARNING: pipe error (140): Connection reset by peer: file /build/firefox-9JL5Vx/firefox-69.0+build2/ipc/chromium/src/chrome/common/ipc_channel_posix.cc, line 358
1568988061905	mozrunner::runner	INFO	Running command: "/usr/bin/firefox" "-marionette" "-foreground" "-no-remote" "-profile" "/tmp/rust_mozprofile.uywgZ0qQGu20"
1568988062523	addons.webextension.screenshots@mozilla.org	WARN	Loading extension 'screenshots@mozilla.org': Reading manifest: Invalid extension permission: mozillaAddons
1568988062523	addons.webextension.screenshots@mozilla.org	WARN	Loading extension 'screenshots@mozilla.org': Reading manifest: Invalid extension permission: telemetry
1568988062523	addons.webextension.screenshots@mozilla.org	WARN	Loading extension 'screenshots@mozilla.org': Reading manifest: Invalid extension permission: resource://pdf.js/
1568988062523	addons.webextension.screenshots@mozilla.org	WARN	Loading extension 'screenshots@mozilla.org': Reading manifest: Invalid extension permission: about:reader*
1568988065036	Marionette	INFO	Listening on port 42953
1568988065120	Marionette	WARN	TLS certificate errors will be ignored for this session
JavaScript warning: https://pharmacy-test-preprod.newmedicine.com.ua/scripts/EUSign/euscp.js, line 0: Successfully compiled asm.js code (total compilation time 1088ms)
1568988069186	Marionette	INFO	Stopped listening on port 42953

###!!! [Child][RunMessage] Error: Channel closing: too late to send/recv, messages will be lost

